0 info it worked if it ends with ok
1 verbose cli [ 'node', '/usr/local/bin/npm', 'start' ]
2 info using npm@2.0.2
3 info using node@v0.10.24
4 verbose run-script [ 'prestart', 'start', 'poststart' ]
5 info prestart cat-facts@1.0.0
6 info start cat-facts@1.0.0
7 verbose unsafe-perm in lifecycle true
8 info cat-facts@1.0.0 Failed to exec start script
9 verbose stack Error: cat-facts@1.0.0 start: `coffee app.coffee`
9 verbose stack Exit status 1
9 verbose stack     at ChildProcess.<anonymous> (/usr/local/lib/node_modules/npm/lib/utils/lifecycle.js:212:16)
9 verbose stack     at ChildProcess.EventEmitter.emit (events.js:98:17)
9 verbose stack     at maybeClose (child_process.js:735:16)
9 verbose stack     at Process.ChildProcess._handle.onexit (child_process.js:802:5)
10 verbose pkgid cat-facts@1.0.0
11 verbose cwd /Users/roy/Projects/Octoblu/cat-facts
12 error Darwin 13.3.0
13 error argv "node" "/usr/local/bin/npm" "start"
14 error node v0.10.24
15 error npm  v2.0.2
16 error code ELIFECYCLE
17 error cat-facts@1.0.0 start: `coffee app.coffee`
17 error Exit status 1
18 error Failed at the cat-facts@1.0.0 start script.
18 error This is most likely a problem with the cat-facts package,
18 error not with npm itself.
18 error Tell the author that this fails on your system:
18 error     coffee app.coffee
18 error You can get their info via:
18 error     npm owner ls cat-facts
18 error There is likely additional logging output above.
19 verbose exit [ 1, true ]
